[debug] [2022-07-13T07:08:46.164Z] ----------------------------------------------------------------------
[debug] [2022-07-13T07:08:46.166Z] Command:       C:\Program Files\nodejs\node.exe C:\Users\fid\AppData\Roaming\npm\node_modules\firebase-tools\lib\bin\firebase.js deploy
[debug] [2022-07-13T07:08:46.167Z] CLI Version:   10.7.1
[debug] [2022-07-13T07:08:46.167Z] Platform:      win32
[debug] [2022-07-13T07:08:46.167Z] Node Version:  v16.13.1
[debug] [2022-07-13T07:08:46.178Z] Time:          Wed Jul 13 2022 13:08:46 GMT+0600 (Bangladesh Standard Time)
[debug] [2022-07-13T07:08:46.178Z] ----------------------------------------------------------------------
[debug] 
[debug] [2022-07-13T07:08:46.253Z] > command requires scopes: ["email","openid","https://www.googleapis.com/auth/cloudplatformprojects.readonly","https://www.googleapis.com/auth/firebase","https://www.googleapis.com/auth/cloud-platform"]
[debug] [2022-07-13T07:08:46.253Z] > authorizing via signed-in user (mdfahamidulislam047@gmail.com)
[debug] [2022-07-13T07:08:46.254Z] [iam] checking project atg-world-ab6df for permissions ["firebase.projects.get","firebasehosting.sites.update"]
[debug] [2022-07-13T07:08:46.255Z] > refreshing access token with scopes: []
[debug] [2022-07-13T07:08:46.256Z] >>> HTTP REQUEST POST https://www.googleapis.com/oauth2/v3/token  
 <request body omitted>
[debug] [2022-07-13T07:08:46.304Z] [iam] error while checking permissions, command may fail: FirebaseError: Authentication Error: Your credentials are no longer valid. Please run firebase login --reauth

For CI servers and headless environments, generate a new token with firebase login:ci
[debug] [2022-07-13T07:08:46.304Z] > refreshing access token with scopes: []
[debug] [2022-07-13T07:08:46.304Z] >>> HTTP REQUEST POST https://www.googleapis.com/oauth2/v3/token  
 <request body omitted>
[debug] [2022-07-13T07:08:46.309Z] Authentication Error: Your credentials are no longer valid. Please run firebase login --reauth

For CI servers and headless environments, generate a new token with firebase login:ci
[debug] [2022-07-13T07:08:46.314Z] FirebaseError: Authentication Error: Your credentials are no longer valid. Please run firebase login --reauth

For CI servers and headless environments, generate a new token with firebase login:ci
    at invalidCredentialError (C:\Users\fid\AppData\Roaming\npm\node_modules\firebase-tools\lib\auth.js:145:12)
    at refreshTokens (C:\Users\fid\AppData\Roaming\npm\node_modules\firebase-tools\lib\auth.js:485:15)
    at processTicksAndRejections (node:internal/process/task_queues:96:5)
    at async Client.getAccessToken (C:\Users\fid\AppData\Roaming\npm\node_modules\firebase-tools\lib\apiv2.js:147:23)
    at async Client.addAuthHeader (C:\Users\fid\AppData\Roaming\npm\node_modules\firebase-tools\lib\apiv2.js:138:21)
    at async Client.request (C:\Users\fid\AppData\Roaming\npm\node_modules\firebase-tools\lib\apiv2.js:94:34)
    at async getFirebaseProject (C:\Users\fid\AppData\Roaming\npm\node_modules\firebase-tools\lib\management\projects.js:290:21)
    at async getDefaultHostingSite (C:\Users\fid\AppData\Roaming\npm\node_modules\firebase-tools\lib\getDefaultHostingSite.js:8:21)
    at async requireHostingSite (C:\Users\fid\AppData\Roaming\npm\node_modules\firebase-tools\lib\requireHostingSite.js:9:18)
    at async Object.fn (C:\Users\fid\AppData\Roaming\npm\node_modules\firebase-tools\lib\commands\deploy.js:73:9)
    at async C:\Users\fid\AppData\Roaming\npm\node_modules\firebase-tools\lib\command.js:188:17
[error] 
[error] Error: Failed to get Firebase project atg-world-ab6df. Please make sure the project exists and your account has permission to access it.
